2025-11-25 00:51:27.987 [HikariPool-12:housekeeper] WARN  com.zaxxer.hikari.pool.HikariPool - HikariPool-12 - Thread starvation or clock leap detected (housekeeper delta=1h16m24s852ms).
2025-11-25 02:12:09.108 [HikariPool-12:housekeeper] WARN  com.zaxxer.hikari.pool.HikariPool - HikariPool-12 - Thread starvation or clock leap detected (housekeeper delta=1h20m41s121ms).
2025-11-25 03:49:10.855 [HikariPool-12:housekeeper] WARN  com.zaxxer.hikari.pool.HikariPool - HikariPool-12 - Thread starvation or clock leap detected (housekeeper delta=1h37m1s747ms).
2025-11-25 05:03:46.188 [HikariPool-12:housekeeper] WARN  com.zaxxer.hikari.pool.HikariPool - HikariPool-12 - Thread starvation or clock leap detected (housekeeper delta=1h14m35s333ms).
2025-11-25 06:17:08.195 [HikariPool-12:housekeeper] WARN  com.zaxxer.hikari.pool.HikariPool - HikariPool-12 - Thread starvation or clock leap detected (housekeeper delta=1h13m22s7ms).
2025-11-25 07:37:32.233 [HikariPool-12:housekeeper] WARN  com.zaxxer.hikari.pool.HikariPool - HikariPool-12 - Thread starvation or clock leap detected (housekeeper delta=1h20m24s38ms).
2025-11-25 08:11:55.854 [HikariPool-12:housekeeper] WARN  com.zaxxer.hikari.pool.HikariPool - HikariPool-12 - Thread starvation or clock leap detected (housekeeper delta=34m23s621ms).
2025-11-25 09:53:00.425 [HikariPool-12:housekeeper] WARN  com.zaxxer.hikari.pool.HikariPool - HikariPool-12 - Thread starvation or clock leap detected (housekeeper delta=1h41m4s571ms).
2025-11-25 11:09:29.336 [HikariPool-12:housekeeper] WARN  com.zaxxer.hikari.pool.HikariPool - HikariPool-12 - Thread starvation or clock leap detected (housekeeper delta=1h16m28s911ms).
2025-11-25 12:27:32.529 [HikariPool-12:housekeeper] WARN  com.zaxxer.hikari.pool.HikariPool - HikariPool-12 - Thread starvation or clock leap detected (housekeeper delta=1h18m3s193ms).
2025-11-25 13:25:42.666 [HikariPool-12:housekeeper] WARN  com.zaxxer.hikari.pool.HikariPool - HikariPool-12 - Thread starvation or clock leap detected (housekeeper delta=58m10s137ms).
2025-11-25 14:13:28.358 [HikariPool-12:housekeeper] WARN  com.zaxxer.hikari.pool.HikariPool - HikariPool-12 - Thread starvation or clock leap detected (housekeeper delta=47m45s692ms).
2025-11-25 14:49:37.718 [HikariPool-12:housekeeper] WARN  com.zaxxer.hikari.pool.HikariPool - HikariPool-12 - Thread starvation or clock leap detected (housekeeper delta=36m9s360ms).
2025-11-25 14:52:18.076 [HikariPool-12:housekeeper] WARN  com.zaxxer.hikari.pool.HikariPool - HikariPool-12 - Thread starvation or clock leap detected (housekeeper delta=2m40s358ms).
2025-11-25 14:58:07.853 [HikariPool-12:housekeeper] WARN  com.zaxxer.hikari.pool.HikariPool - HikariPool-12 - Thread starvation or clock leap detected (housekeeper delta=5m19s769ms).
2025-11-25 15:01:44.949 [http-nio-8080-exec-1] INFO  o.a.c.c.C.[Tomcat].[localhost].[/] - Initializing Spring DispatcherServlet 'dispatcherServlet'
2025-11-25 15:01:44.950 [http-nio-8080-exec-1] INFO  o.s.web.servlet.DispatcherServlet - Initializing Servlet 'dispatcherServlet'
2025-11-25 15:01:44.954 [http-nio-8080-exec-1] INFO  o.s.web.servlet.DispatcherServlet - Completed initialization in 4 ms
2025-11-25 15:02:01.978 [HikariPool-12:housekeeper] WARN  com.zaxxer.hikari.pool.HikariPool - HikariPool-12 - Thread starvation or clock leap detected (housekeeper delta=3m54s125ms).
2025-11-25 15:07:28.095 [SpringApplicationShutdownHook] INFO  o.s.b.w.e.tomcat.GracefulShutdown - Commencing graceful shutdown. Waiting for active requests to complete
2025-11-25 15:07:28.098 [tomcat-shutdown] INFO  o.s.b.w.e.tomcat.GracefulShutdown - Graceful shutdown complete
2025-11-25 15:07:28.099 [SpringApplicationShutdownHook] INFO  o.s.o.j.LocalContainerEntityManagerFactoryBean - Closing JPA EntityManagerFactory for persistence unit 'default'
2025-11-25 15:07:28.100 [SpringApplicationShutdownHook] INFO  com.zaxxer.hikari.HikariDataSource - HikariPool-12 - Shutdown initiated...
2025-11-25 15:07:28.101 [SpringApplicationShutdownHook] INFO  com.zaxxer.hikari.HikariDataSource - HikariPool-12 - Shutdown completed.
2025-11-25 15:07:52.444 [restartedMain] INFO  com.facial.recognition.Main - Starting Main using Java 25.0.1 with PID 59042 (/Users/cc/Desktop/facial-recognition-attendance2/PC/target/classes started by cc in /Users/cc/Desktop/facial-recognition-attendance2/PC)
2025-11-25 15:07:52.445 [restartedMain] INFO  com.facial.recognition.Main - No active profile set, falling back to 1 default profile: "default"
2025-11-25 15:07:52.462 [restartedMain] INFO  o.s.b.d.e.DevToolsPropertyDefaultsPostProcessor - Devtools property defaults active! Set 'spring.devtools.add-properties' to 'false' to disable
2025-11-25 15:07:52.462 [restartedMain] INFO  o.s.b.d.e.DevToolsPropertyDefaultsPostProcessor - For additional web related logging consider setting the 'logging.level.web' property to 'DEBUG'
2025-11-25 15:07:52.702 [restartedMain] INFO  o.s.d.r.c.RepositoryConfigurationDelegate - Bootstrapping Spring Data JPA repositories in DEFAULT mode.
2025-11-25 15:07:52.731 [restartedMain] INFO  o.s.d.r.c.RepositoryConfigurationDelegate - Finished Spring Data repository scanning in 25 ms. Found 12 JPA repository interfaces.
2025-11-25 15:07:52.773 [restartedMain] WARN  o.m.s.mapper.ClassPathMapperScanner - No MyBatis mapper was found in '[com.facial.recognition]' package. Please check your configuration.
2025-11-25 15:07:52.916 [restartedMain] INFO  o.s.b.w.e.tomcat.TomcatWebServer - Tomcat initialized with port 8080 (http)
2025-11-25 15:07:52.922 [restartedMain] INFO  o.a.coyote.http11.Http11NioProtocol - Initializing ProtocolHandler ["http-nio-8080"]
2025-11-25 15:07:52.923 [restartedMain] INFO  o.a.catalina.core.StandardService - Starting service [Tomcat]
2025-11-25 15:07:52.923 [restartedMain] INFO  o.a.catalina.core.StandardEngine - Starting Servlet engine: [Apache Tomcat/10.1.48]
2025-11-25 15:07:52.937 [restartedMain] INFO  o.a.c.c.C.[Tomcat].[localhost].[/] - Initializing Spring embedded WebApplicationContext
2025-11-25 15:07:52.938 [restartedMain] INFO  o.s.b.w.s.c.ServletWebServerApplicationContext - Root WebApplicationContext: initialization completed in 475 ms
2025-11-25 15:07:52.998 [restartedMain] INFO  com.zaxxer.hikari.HikariDataSource - HikariPool-1 - Starting...
2025-11-25 15:07:53.110 [restartedMain] INFO  com.zaxxer.hikari.pool.HikariPool - HikariPool-1 - Added connection com.mysql.cj.jdbc.ConnectionImpl@311a6f4
2025-11-25 15:07:53.112 [restartedMain] INFO  com.zaxxer.hikari.HikariDataSource - HikariPool-1 - Start completed.
2025-11-25 15:07:53.135 [restartedMain] INFO  o.h.jpa.internal.util.LogHelper - HHH000204: Processing PersistenceUnitInfo [name: default]
2025-11-25 15:07:53.159 [restartedMain] INFO  org.hibernate.Version - HHH000412: Hibernate ORM core version 6.6.33.Final
2025-11-25 15:07:53.172 [restartedMain] INFO  o.h.c.i.RegionFactoryInitiator - HHH000026: Second-level cache disabled
2025-11-25 15:07:53.288 [restartedMain] INFO  o.s.o.j.p.SpringPersistenceUnitInfo - No LoadTimeWeaver setup: ignoring JPA class transformer
2025-11-25 15:07:53.335 [restartedMain] INFO  o.hibernate.orm.connections.pooling - HHH10001005: Database info:
	Database JDBC URL [Connecting through datasource 'HikariDataSource (HikariPool-1)']
	Database driver: undefined/unknown
	Database version: 9.0.1
	Autocommit mode: undefined/unknown
	Isolation level: undefined/unknown
	Minimum pool size: undefined/unknown
	Maximum pool size: undefined/unknown
2025-11-25 15:07:53.687 [restartedMain] INFO  o.h.e.t.j.p.i.JtaPlatformInitiator - HHH000489: No JTA platform available (set 'hibernate.transaction.jta.platform' to enable JTA platform integration)
2025-11-25 15:07:53.688 [restartedMain] INFO  o.s.o.j.LocalContainerEntityManagerFactoryBean - Initialized JPA EntityManagerFactory for persistence unit 'default'
2025-11-25 15:07:53.795 [restartedMain] INFO  o.s.d.j.r.query.QueryEnhancerFactory - Hibernate is in classpath; If applicable, HQL parser will be used.
2025-11-25 15:07:54.287 [restartedMain] WARN  o.s.b.a.o.j.JpaBaseConfiguration$JpaWebConfiguration - spring.jpa.open-in-view is enabled by default. Therefore, database queries may be performed during view rendering. Explicitly configure spring.jpa.open-in-view to disable this warning
2025-11-25 15:07:54.296 [restartedMain] INFO  o.s.b.a.w.s.WelcomePageHandlerMapping - Adding welcome page: class path resource [static/index.html]
2025-11-25 15:07:54.560 [restartedMain] INFO  o.s.b.d.a.OptionalLiveReloadServer - LiveReload server is running on port 35729
2025-11-25 15:07:54.567 [restartedMain] INFO  o.a.coyote.http11.Http11NioProtocol - Starting ProtocolHandler ["http-nio-8080"]
2025-11-25 15:07:54.574 [restartedMain] INFO  o.s.b.w.e.tomcat.TomcatWebServer - Tomcat started on port 8080 (http) with context path '/'
2025-11-25 15:07:54.578 [restartedMain] INFO  com.facial.recognition.Main - Started Main in 2.285 seconds (process running for 2.507)
2025-11-25 15:08:05.512 [http-nio-8080-exec-1] INFO  o.a.c.c.C.[Tomcat].[localhost].[/] - Initializing Spring DispatcherServlet 'dispatcherServlet'
2025-11-25 15:08:05.513 [http-nio-8080-exec-1] INFO  o.s.web.servlet.DispatcherServlet - Initializing Servlet 'dispatcherServlet'
2025-11-25 15:08:05.514 [http-nio-8080-exec-1] INFO  o.s.web.servlet.DispatcherServlet - Completed initialization in 1 ms
2025-11-25 15:08:24.939 [http-nio-8080-exec-9] WARN  o.h.e.jdbc.spi.SqlExceptionHelper - SQL Error: 1064, SQLState: 42000
2025-11-25 15:08:24.939 [http-nio-8080-exec-9] ERROR o.h.e.jdbc.spi.SqlExceptionHelper - You have an error in your SQL syntax; check the manual that corresponds to your MySQL server version for the right syntax to use near 'Function f1_0' at line 1
2025-11-25 15:08:24.954 [http-nio-8080-exec-9] WARN  o.s.w.s.m.m.a.ExceptionHandlerExceptionResolver - Resolved [org.springframework.dao.InvalidDataAccessResourceUsageException: JDBC exception executing SQL [select f1_0.FunctionID,f1_0.CreatedDate,f1_0.Description,f1_0.FunctionCode,f1_0.FunctionName,f1_0.IsActive,f1_0.method,f1_0.ModuleName,f1_0.SortOrder,f1_0.url from Function f1_0] [You have an error in your SQL syntax; check the manual that corresponds to your MySQL server version for the right syntax to use near 'Function f1_0' at line 1] [n/a]; SQL [n/a]]
2025-11-25 15:08:34.213 [SpringApplicationShutdownHook] INFO  o.s.b.w.e.tomcat.GracefulShutdown - Commencing graceful shutdown. Waiting for active requests to complete
2025-11-25 15:08:34.219 [tomcat-shutdown] INFO  o.s.b.w.e.tomcat.GracefulShutdown - Graceful shutdown complete
2025-11-25 15:08:34.222 [SpringApplicationShutdownHook] INFO  o.s.o.j.LocalContainerEntityManagerFactoryBean - Closing JPA EntityManagerFactory for persistence unit 'default'
2025-11-25 15:08:34.225 [SpringApplicationShutdownHook] INFO  com.zaxxer.hikari.HikariDataSource - HikariPool-1 - Shutdown initiated...
2025-11-25 15:08:34.230 [SpringApplicationShutdownHook] INFO  com.zaxxer.hikari.HikariDataSource - HikariPool-1 - Shutdown completed.
2025-11-25 19:23:50.622 [restartedMain] INFO  com.facial.recognition.Main - Starting Main using Java 25.0.1 with PID 64547 (/Users/cc/Desktop/facial-recognition-attendance2/PC/target/classes started by cc in /Users/cc/Desktop/facial-recognition-attendance2/PC)
2025-11-25 19:23:50.623 [restartedMain] INFO  com.facial.recognition.Main - No active profile set, falling back to 1 default profile: "default"
2025-11-25 19:23:50.641 [restartedMain] INFO  o.s.b.d.e.DevToolsPropertyDefaultsPostProcessor - Devtools property defaults active! Set 'spring.devtools.add-properties' to 'false' to disable
2025-11-25 19:23:50.641 [restartedMain] INFO  o.s.b.d.e.DevToolsPropertyDefaultsPostProcessor - For additional web related logging consider setting the 'logging.level.web' property to 'DEBUG'
2025-11-25 19:23:50.887 [restartedMain] INFO  o.s.d.r.c.RepositoryConfigurationDelegate - Bootstrapping Spring Data JPA repositories in DEFAULT mode.
2025-11-25 19:23:50.917 [restartedMain] INFO  o.s.d.r.c.RepositoryConfigurationDelegate - Finished Spring Data repository scanning in 26 ms. Found 12 JPA repository interfaces.
2025-11-25 19:23:50.960 [restartedMain] WARN  o.m.s.mapper.ClassPathMapperScanner - No MyBatis mapper was found in '[com.facial.recognition]' package. Please check your configuration.
2025-11-25 19:23:51.103 [restartedMain] INFO  o.s.b.w.e.tomcat.TomcatWebServer - Tomcat initialized with port 8080 (http)
2025-11-25 19:23:51.109 [restartedMain] INFO  o.a.coyote.http11.Http11NioProtocol - Initializing ProtocolHandler ["http-nio-8080"]
2025-11-25 19:23:51.110 [restartedMain] INFO  o.a.catalina.core.StandardService - Starting service [Tomcat]
2025-11-25 19:23:51.110 [restartedMain] INFO  o.a.catalina.core.StandardEngine - Starting Servlet engine: [Apache Tomcat/10.1.48]
2025-11-25 19:23:51.123 [restartedMain] INFO  o.a.c.c.C.[Tomcat].[localhost].[/] - Initializing Spring embedded WebApplicationContext
2025-11-25 19:23:51.124 [restartedMain] INFO  o.s.b.w.s.c.ServletWebServerApplicationContext - Root WebApplicationContext: initialization completed in 482 ms
2025-11-25 19:23:51.179 [restartedMain] INFO  com.zaxxer.hikari.HikariDataSource - HikariPool-1 - Starting...
2025-11-25 19:23:51.279 [restartedMain] INFO  com.zaxxer.hikari.pool.HikariPool - HikariPool-1 - Added connection com.mysql.cj.jdbc.ConnectionImpl@311a6f4
2025-11-25 19:23:51.279 [restartedMain] INFO  com.zaxxer.hikari.HikariDataSource - HikariPool-1 - Start completed.
2025-11-25 19:23:51.297 [restartedMain] INFO  o.h.jpa.internal.util.LogHelper - HHH000204: Processing PersistenceUnitInfo [name: default]
2025-11-25 19:23:51.320 [restartedMain] INFO  org.hibernate.Version - HHH000412: Hibernate ORM core version 6.6.33.Final
2025-11-25 19:23:51.334 [restartedMain] INFO  o.h.c.i.RegionFactoryInitiator - HHH000026: Second-level cache disabled
2025-11-25 19:23:51.444 [restartedMain] INFO  o.s.o.j.p.SpringPersistenceUnitInfo - No LoadTimeWeaver setup: ignoring JPA class transformer
2025-11-25 19:23:51.498 [restartedMain] INFO  o.hibernate.orm.connections.pooling - HHH10001005: Database info:
	Database JDBC URL [Connecting through datasource 'HikariDataSource (HikariPool-1)']
	Database driver: undefined/unknown
	Database version: 9.0.1
	Autocommit mode: undefined/unknown
	Isolation level: undefined/unknown
	Minimum pool size: undefined/unknown
	Maximum pool size: undefined/unknown
2025-11-25 19:23:51.853 [restartedMain] INFO  o.h.e.t.j.p.i.JtaPlatformInitiator - HHH000489: No JTA platform available (set 'hibernate.transaction.jta.platform' to enable JTA platform integration)
2025-11-25 19:23:51.854 [restartedMain] INFO  o.s.o.j.LocalContainerEntityManagerFactoryBean - Initialized JPA EntityManagerFactory for persistence unit 'default'
2025-11-25 19:23:51.963 [restartedMain] INFO  o.s.d.j.r.query.QueryEnhancerFactory - Hibernate is in classpath; If applicable, HQL parser will be used.
2025-11-25 19:23:52.460 [restartedMain] WARN  o.s.b.a.o.j.JpaBaseConfiguration$JpaWebConfiguration - spring.jpa.open-in-view is enabled by default. Therefore, database queries may be performed during view rendering. Explicitly configure spring.jpa.open-in-view to disable this warning
2025-11-25 19:23:52.472 [restartedMain] INFO  o.s.b.a.w.s.WelcomePageHandlerMapping - Adding welcome page: class path resource [static/index.html]
2025-11-25 19:23:52.739 [restartedMain] INFO  o.s.b.d.a.OptionalLiveReloadServer - LiveReload server is running on port 35729
2025-11-25 19:23:52.747 [restartedMain] INFO  o.a.coyote.http11.Http11NioProtocol - Starting ProtocolHandler ["http-nio-8080"]
2025-11-25 19:23:52.752 [restartedMain] INFO  o.s.b.w.e.tomcat.TomcatWebServer - Tomcat started on port 8080 (http) with context path '/'
2025-11-25 19:23:52.757 [restartedMain] INFO  com.facial.recognition.Main - Started Main in 2.282 seconds (process running for 2.495)
2025-11-25 19:23:55.716 [http-nio-8080-exec-1] INFO  o.a.c.c.C.[Tomcat].[localhost].[/] - Initializing Spring DispatcherServlet 'dispatcherServlet'
2025-11-25 19:23:55.716 [http-nio-8080-exec-1] INFO  o.s.web.servlet.DispatcherServlet - Initializing Servlet 'dispatcherServlet'
2025-11-25 19:23:55.717 [http-nio-8080-exec-1] INFO  o.s.web.servlet.DispatcherServlet - Completed initialization in 1 ms
2025-11-25 19:24:03.627 [http-nio-8080-exec-3] WARN  o.h.e.jdbc.spi.SqlExceptionHelper - SQL Error: 1064, SQLState: 42000
2025-11-25 19:24:03.628 [http-nio-8080-exec-3] ERROR o.h.e.jdbc.spi.SqlExceptionHelper - You have an error in your SQL syntax; check the manual that corresponds to your MySQL server version for the right syntax to use near 'Function f1_0' at line 1
2025-11-25 19:24:03.641 [http-nio-8080-exec-3] WARN  o.s.w.s.m.m.a.ExceptionHandlerExceptionResolver - Resolved [org.springframework.dao.InvalidDataAccessResourceUsageException: JDBC exception executing SQL [select f1_0.FunctionID,f1_0.CreatedDate,f1_0.Description,f1_0.FunctionCode,f1_0.FunctionName,f1_0.IsActive,f1_0.method,f1_0.ModuleName,f1_0.SortOrder,f1_0.url from Function f1_0] [You have an error in your SQL syntax; check the manual that corresponds to your MySQL server version for the right syntax to use near 'Function f1_0' at line 1] [n/a]; SQL [n/a]]
2025-11-25 19:24:09.624 [http-nio-8080-exec-7] WARN  o.h.e.jdbc.spi.SqlExceptionHelper - SQL Error: 1064, SQLState: 42000
2025-11-25 19:24:09.625 [http-nio-8080-exec-7] ERROR o.h.e.jdbc.spi.SqlExceptionHelper - You have an error in your SQL syntax; check the manual that corresponds to your MySQL server version for the right syntax to use near 'Function f1_0' at line 1
2025-11-25 19:24:09.628 [http-nio-8080-exec-7] WARN  o.s.w.s.m.m.a.ExceptionHandlerExceptionResolver - Resolved [org.springframework.dao.InvalidDataAccessResourceUsageException: JDBC exception executing SQL [select f1_0.FunctionID,f1_0.CreatedDate,f1_0.Description,f1_0.FunctionCode,f1_0.FunctionName,f1_0.IsActive,f1_0.method,f1_0.ModuleName,f1_0.SortOrder,f1_0.url from Function f1_0] [You have an error in your SQL syntax; check the manual that corresponds to your MySQL server version for the right syntax to use near 'Function f1_0' at line 1] [n/a]; SQL [n/a]]
2025-11-25 19:24:09.826 [http-nio-8080-exec-10] WARN  o.h.e.jdbc.spi.SqlExceptionHelper - SQL Error: 1064, SQLState: 42000
2025-11-25 19:24:09.827 [http-nio-8080-exec-10] ERROR o.h.e.jdbc.spi.SqlExceptionHelper - You have an error in your SQL syntax; check the manual that corresponds to your MySQL server version for the right syntax to use near 'Function f1_0' at line 1
2025-11-25 19:24:09.830 [http-nio-8080-exec-10] WARN  o.s.w.s.m.m.a.ExceptionHandlerExceptionResolver - Resolved [org.springframework.dao.InvalidDataAccessResourceUsageException: JDBC exception executing SQL [select f1_0.FunctionID,f1_0.CreatedDate,f1_0.Description,f1_0.FunctionCode,f1_0.FunctionName,f1_0.IsActive,f1_0.method,f1_0.ModuleName,f1_0.SortOrder,f1_0.url from Function f1_0] [You have an error in your SQL syntax; check the manual that corresponds to your MySQL server version for the right syntax to use near 'Function f1_0' at line 1] [n/a]; SQL [n/a]]
2025-11-25 19:24:15.473 [http-nio-8080-exec-8] WARN  o.h.e.jdbc.spi.SqlExceptionHelper - SQL Error: 1064, SQLState: 42000
2025-11-25 19:24:15.474 [http-nio-8080-exec-8] ERROR o.h.e.jdbc.spi.SqlExceptionHelper - You have an error in your SQL syntax; check the manual that corresponds to your MySQL server version for the right syntax to use near 'Function f1_0' at line 1
2025-11-25 19:24:15.475 [http-nio-8080-exec-8] WARN  o.s.w.s.m.m.a.ExceptionHandlerExceptionResolver - Resolved [org.springframework.dao.InvalidDataAccessResourceUsageException: JDBC exception executing SQL [select f1_0.FunctionID,f1_0.CreatedDate,f1_0.Description,f1_0.FunctionCode,f1_0.FunctionName,f1_0.IsActive,f1_0.method,f1_0.ModuleName,f1_0.SortOrder,f1_0.url from Function f1_0] [You have an error in your SQL syntax; check the manual that corresponds to your MySQL server version for the right syntax to use near 'Function f1_0' at line 1] [n/a]; SQL [n/a]]
2025-11-25 19:24:36.799 [http-nio-8080-exec-2] WARN  o.h.e.jdbc.spi.SqlExceptionHelper - SQL Error: 1064, SQLState: 42000
2025-11-25 19:24:36.801 [http-nio-8080-exec-2] ERROR o.h.e.jdbc.spi.SqlExceptionHelper - You have an error in your SQL syntax; check the manual that corresponds to your MySQL server version for the right syntax to use near 'Function f1_0' at line 1
2025-11-25 19:24:36.803 [http-nio-8080-exec-2] WARN  o.s.w.s.m.m.a.ExceptionHandlerExceptionResolver - Resolved [org.springframework.dao.InvalidDataAccessResourceUsageException: JDBC exception executing SQL [select f1_0.FunctionID,f1_0.CreatedDate,f1_0.Description,f1_0.FunctionCode,f1_0.FunctionName,f1_0.IsActive,f1_0.method,f1_0.ModuleName,f1_0.SortOrder,f1_0.url from Function f1_0] [You have an error in your SQL syntax; check the manual that corresponds to your MySQL server version for the right syntax to use near 'Function f1_0' at line 1] [n/a]; SQL [n/a]]
2025-11-25 19:29:13.661 [File Watcher] INFO  o.s.b.d.a.LocalDevToolsAutoConfiguration$RestartingClassPathChangeChangedEventListener - Restarting due to 7 class path changes (0 additions, 0 deletions, 7 modifications)
2025-11-25 19:29:13.667 [Thread-5] INFO  o.s.b.w.e.tomcat.GracefulShutdown - Commencing graceful shutdown. Waiting for active requests to complete
2025-11-25 19:29:13.668 [tomcat-shutdown] INFO  o.a.coyote.http11.Http11NioProtocol - Pausing ProtocolHandler ["http-nio-8080"]
2025-11-25 19:29:13.675 [tomcat-shutdown] INFO  o.s.b.w.e.tomcat.GracefulShutdown - Graceful shutdown complete
2025-11-25 19:29:13.675 [Thread-5] INFO  o.a.coyote.http11.Http11NioProtocol - Stopping ProtocolHandler ["http-nio-8080"]
2025-11-25 19:29:13.679 [Thread-5] INFO  o.s.o.j.LocalContainerEntityManagerFactoryBean - Closing JPA EntityManagerFactory for persistence unit 'default'
2025-11-25 19:29:13.683 [Thread-5] INFO  com.zaxxer.hikari.HikariDataSource - HikariPool-1 - Shutdown initiated...
2025-11-25 19:29:13.689 [Thread-5] INFO  com.zaxxer.hikari.HikariDataSource - HikariPool-1 - Shutdown completed.
2025-11-25 19:29:13.760 [restartedMain] INFO  com.facial.recognition.Main - Starting Main using Java 25.0.1 with PID 64547 (/Users/cc/Desktop/facial-recognition-attendance2/PC/target/classes started by cc in /Users/cc/Desktop/facial-recognition-attendance2/PC)
2025-11-25 19:29:13.760 [restartedMain] INFO  com.facial.recognition.Main - No active profile set, falling back to 1 default profile: "default"
2025-11-25 19:29:13.845 [restartedMain] INFO  o.s.d.r.c.RepositoryConfigurationDelegate - Bootstrapping Spring Data JPA repositories in DEFAULT mode.
2025-11-25 19:29:13.856 [restartedMain] INFO  o.s.d.r.c.RepositoryConfigurationDelegate - Finished Spring Data repository scanning in 10 ms. Found 12 JPA repository interfaces.
2025-11-25 19:29:13.875 [restartedMain] WARN  o.m.s.mapper.ClassPathMapperScanner - No MyBatis mapper was found in '[com.facial.recognition]' package. Please check your configuration.
2025-11-25 19:29:13.907 [restartedMain] INFO  o.s.b.w.e.tomcat.TomcatWebServer - Tomcat initialized with port 8080 (http)
2025-11-25 19:29:13.908 [restartedMain] INFO  o.a.coyote.http11.Http11NioProtocol - Initializing ProtocolHandler ["http-nio-8080"]
2025-11-25 19:29:13.908 [restartedMain] INFO  o.a.catalina.core.StandardService - Starting service [Tomcat]
2025-11-25 19:29:13.908 [restartedMain] INFO  o.a.catalina.core.StandardEngine - Starting Servlet engine: [Apache Tomcat/10.1.48]
2025-11-25 19:29:13.913 [restartedMain] INFO  o.a.c.c.C.[Tomcat].[localhost].[/] - Initializing Spring embedded WebApplicationContext
2025-11-25 19:29:13.913 [restartedMain] INFO  o.s.b.w.s.c.ServletWebServerApplicationContext - Root WebApplicationContext: initialization completed in 152 ms
2025-11-25 19:29:13.933 [restartedMain] INFO  com.zaxxer.hikari.HikariDataSource - HikariPool-2 - Starting...
2025-11-25 19:29:13.937 [restartedMain] INFO  com.zaxxer.hikari.pool.HikariPool - HikariPool-2 - Added connection com.mysql.cj.jdbc.ConnectionImpl@236bf010
2025-11-25 19:29:13.938 [restartedMain] INFO  com.zaxxer.hikari.HikariDataSource - HikariPool-2 - Start completed.
2025-11-25 19:29:13.938 [restartedMain] INFO  o.h.jpa.internal.util.LogHelper - HHH000204: Processing PersistenceUnitInfo [name: default]
2025-11-25 19:29:13.939 [restartedMain] INFO  o.h.c.i.RegionFactoryInitiator - HHH000026: Second-level cache disabled
2025-11-25 19:29:13.944 [restartedMain] INFO  o.s.o.j.p.SpringPersistenceUnitInfo - No LoadTimeWeaver setup: ignoring JPA class transformer
2025-11-25 19:29:13.946 [restartedMain] INFO  o.hibernate.orm.connections.pooling - HHH10001005: Database info:
	Database JDBC URL [Connecting through datasource 'HikariDataSource (HikariPool-2)']
	Database driver: undefined/unknown
	Database version: 9.0.1
	Autocommit mode: undefined/unknown
	Isolation level: undefined/unknown
	Minimum pool size: undefined/unknown
	Maximum pool size: undefined/unknown
2025-11-25 19:29:14.027 [restartedMain] INFO  o.h.e.t.j.p.i.JtaPlatformInitiator - HHH000489: No JTA platform available (set 'hibernate.transaction.jta.platform' to enable JTA platform integration)
2025-11-25 19:29:14.027 [restartedMain] INFO  o.s.o.j.LocalContainerEntityManagerFactoryBean - Initialized JPA EntityManagerFactory for persistence unit 'default'
2025-11-25 19:29:14.128 [restartedMain] WARN  o.s.b.a.o.j.JpaBaseConfiguration$JpaWebConfiguration - spring.jpa.open-in-view is enabled by default. Therefore, database queries may be performed during view rendering. Explicitly configure spring.jpa.open-in-view to disable this warning
2025-11-25 19:29:14.132 [restartedMain] INFO  o.s.b.a.w.s.WelcomePageHandlerMapping - Adding welcome page: class path resource [static/index.html]
2025-11-25 19:29:14.202 [restartedMain] INFO  o.s.b.d.a.OptionalLiveReloadServer - LiveReload server is running on port 35729
2025-11-25 19:29:14.207 [restartedMain] INFO  o.a.coyote.http11.Http11NioProtocol - Starting ProtocolHandler ["http-nio-8080"]
2025-11-25 19:29:14.208 [restartedMain] INFO  o.s.b.w.e.tomcat.TomcatWebServer - Tomcat started on port 8080 (http) with context path '/'
2025-11-25 19:29:14.210 [restartedMain] INFO  com.facial.recognition.Main - Started Main in 0.47 seconds (process running for 323.946)
2025-11-25 19:29:14.210 [restartedMain] INFO  o.s.b.d.a.ConditionEvaluationDeltaLoggingListener - Condition evaluation unchanged
2025-11-25 19:29:45.983 [File Watcher] INFO  o.s.b.d.a.LocalDevToolsAutoConfiguration$RestartingClassPathChangeChangedEventListener - Restarting due to 2 class path changes (0 additions, 0 deletions, 2 modifications)
2025-11-25 19:29:45.985 [Thread-7] INFO  o.s.b.w.e.tomcat.GracefulShutdown - Commencing graceful shutdown. Waiting for active requests to complete
2025-11-25 19:29:45.986 [tomcat-shutdown] INFO  o.a.coyote.http11.Http11NioProtocol - Pausing ProtocolHandler ["http-nio-8080"]
2025-11-25 19:29:45.988 [tomcat-shutdown] INFO  o.s.b.w.e.tomcat.GracefulShutdown - Graceful shutdown complete
2025-11-25 19:29:45.988 [Thread-7] INFO  o.a.coyote.http11.Http11NioProtocol - Stopping ProtocolHandler ["http-nio-8080"]
2025-11-25 19:29:45.999 [Thread-7] INFO  o.s.o.j.LocalContainerEntityManagerFactoryBean - Closing JPA EntityManagerFactory for persistence unit 'default'
2025-11-25 19:29:46.001 [Thread-7] INFO  com.zaxxer.hikari.HikariDataSource - HikariPool-2 - Shutdown initiated...
2025-11-25 19:29:46.002 [Thread-7] INFO  com.zaxxer.hikari.HikariDataSource - HikariPool-2 - Shutdown completed.
2025-11-25 19:29:46.052 [restartedMain] INFO  com.facial.recognition.Main - Starting Main using Java 25.0.1 with PID 64547 (/Users/cc/Desktop/facial-recognition-attendance2/PC/target/classes started by cc in /Users/cc/Desktop/facial-recognition-attendance2/PC)
2025-11-25 19:29:46.052 [restartedMain] INFO  com.facial.recognition.Main - No active profile set, falling back to 1 default profile: "default"
2025-11-25 19:29:46.115 [restartedMain] INFO  o.s.d.r.c.RepositoryConfigurationDelegate - Bootstrapping Spring Data JPA repositories in DEFAULT mode.
2025-11-25 19:29:46.124 [restartedMain] INFO  o.s.d.r.c.RepositoryConfigurationDelegate - Finished Spring Data repository scanning in 8 ms. Found 12 JPA repository interfaces.
2025-11-25 19:29:46.137 [restartedMain] WARN  o.m.s.mapper.ClassPathMapperScanner - No MyBatis mapper was found in '[com.facial.recognition]' package. Please check your configuration.
2025-11-25 19:29:46.162 [restartedMain] INFO  o.s.b.w.e.tomcat.TomcatWebServer - Tomcat initialized with port 8080 (http)
2025-11-25 19:29:46.162 [restartedMain] INFO  o.a.coyote.http11.Http11NioProtocol - Initializing ProtocolHandler ["http-nio-8080"]
2025-11-25 19:29:46.162 [restartedMain] INFO  o.a.catalina.core.StandardService - Starting service [Tomcat]
2025-11-25 19:29:46.162 [restartedMain] INFO  o.a.catalina.core.StandardEngine - Starting Servlet engine: [Apache Tomcat/10.1.48]
2025-11-25 19:29:46.166 [restartedMain] INFO  o.a.c.c.C.[Tomcat].[localhost].[/] - Initializing Spring embedded WebApplicationContext
2025-11-25 19:29:46.167 [restartedMain] INFO  o.s.b.w.s.c.ServletWebServerApplicationContext - Root WebApplicationContext: initialization completed in 114 ms
2025-11-25 19:29:46.182 [restartedMain] INFO  com.zaxxer.hikari.HikariDataSource - HikariPool-3 - Starting...
2025-11-25 19:29:46.185 [restartedMain] INFO  com.zaxxer.hikari.pool.HikariPool - HikariPool-3 - Added connection com.mysql.cj.jdbc.ConnectionImpl@4d8ea8eb
2025-11-25 19:29:46.185 [restartedMain] INFO  com.zaxxer.hikari.HikariDataSource - HikariPool-3 - Start completed.
2025-11-25 19:29:46.185 [restartedMain] INFO  o.h.jpa.internal.util.LogHelper - HHH000204: Processing PersistenceUnitInfo [name: default]
2025-11-25 19:29:46.186 [restartedMain] INFO  o.h.c.i.RegionFactoryInitiator - HHH000026: Second-level cache disabled
2025-11-25 19:29:46.188 [restartedMain] INFO  o.s.o.j.p.SpringPersistenceUnitInfo - No LoadTimeWeaver setup: ignoring JPA class transformer
2025-11-25 19:29:46.189 [restartedMain] INFO  o.hibernate.orm.connections.pooling - HHH10001005: Database info:
	Database JDBC URL [Connecting through datasource 'HikariDataSource (HikariPool-3)']
	Database driver: undefined/unknown
	Database version: 9.0.1
	Autocommit mode: undefined/unknown
	Isolation level: undefined/unknown
	Minimum pool size: undefined/unknown
	Maximum pool size: undefined/unknown
2025-11-25 19:29:46.238 [restartedMain] INFO  o.h.e.t.j.p.i.JtaPlatformInitiator - HHH000489: No JTA platform available (set 'hibernate.transaction.jta.platform' to enable JTA platform integration)
2025-11-25 19:29:46.239 [restartedMain] INFO  o.s.o.j.LocalContainerEntityManagerFactoryBean - Initialized JPA EntityManagerFactory for persistence unit 'default'
2025-11-25 19:29:46.341 [restartedMain] WARN  o.s.b.a.o.j.JpaBaseConfiguration$JpaWebConfiguration - spring.jpa.open-in-view is enabled by default. Therefore, database queries may be performed during view rendering. Explicitly configure spring.jpa.open-in-view to disable this warning
2025-11-25 19:29:46.345 [restartedMain] INFO  o.s.b.a.w.s.WelcomePageHandlerMapping - Adding welcome page: class path resource [static/index.html]
2025-11-25 19:29:46.407 [restartedMain] INFO  o.s.b.d.a.OptionalLiveReloadServer - LiveReload server is running on port 35729
2025-11-25 19:29:46.412 [restartedMain] INFO  o.a.coyote.http11.Http11NioProtocol - Starting ProtocolHandler ["http-nio-8080"]
2025-11-25 19:29:46.413 [restartedMain] INFO  o.s.b.w.e.tomcat.TomcatWebServer - Tomcat started on port 8080 (http) with context path '/'
2025-11-25 19:29:46.414 [restartedMain] INFO  com.facial.recognition.Main - Started Main in 0.374 seconds (process running for 356.151)
2025-11-25 19:29:46.415 [restartedMain] INFO  o.s.b.d.a.ConditionEvaluationDeltaLoggingListener - Condition evaluation unchanged
2025-11-25 19:29:51.200 [http-nio-8080-exec-1] INFO  o.a.c.c.C.[Tomcat].[localhost].[/] - Initializing Spring DispatcherServlet 'dispatcherServlet'
2025-11-25 19:29:51.200 [http-nio-8080-exec-1] INFO  o.s.web.servlet.DispatcherServlet - Initializing Servlet 'dispatcherServlet'
2025-11-25 19:29:51.201 [http-nio-8080-exec-1] INFO  o.s.web.servlet.DispatcherServlet - Completed initialization in 1 ms
2025-11-25 19:30:08.638 [http-nio-8080-exec-6] WARN  o.h.e.jdbc.spi.SqlExceptionHelper - SQL Error: 1064, SQLState: 42000
2025-11-25 19:30:08.639 [http-nio-8080-exec-6] ERROR o.h.e.jdbc.spi.SqlExceptionHelper - You have an error in your SQL syntax; check the manual that corresponds to your MySQL server version for the right syntax to use near 'Function f1_0' at line 1
2025-11-25 19:30:08.643 [http-nio-8080-exec-6] WARN  o.s.w.s.m.m.a.ExceptionHandlerExceptionResolver - Resolved [org.springframework.dao.InvalidDataAccessResourceUsageException: JDBC exception executing SQL [select f1_0.FunctionID,f1_0.CreatedDate,f1_0.Description,f1_0.FunctionCode,f1_0.FunctionName,f1_0.IsActive,f1_0.Method,f1_0.ModuleName,f1_0.SortOrder,f1_0.Url from Function f1_0] [You have an error in your SQL syntax; check the manual that corresponds to your MySQL server version for the right syntax to use near 'Function f1_0' at line 1] [n/a]; SQL [n/a]]
2025-11-25 20:04:09.878 [SpringApplicationShutdownHook] INFO  o.s.b.w.e.tomcat.GracefulShutdown - Commencing graceful shutdown. Waiting for active requests to complete
2025-11-25 20:04:09.885 [tomcat-shutdown] INFO  o.s.b.w.e.tomcat.GracefulShutdown - Graceful shutdown complete
2025-11-25 20:04:09.888 [SpringApplicationShutdownHook] INFO  o.s.o.j.LocalContainerEntityManagerFactoryBean - Closing JPA EntityManagerFactory for persistence unit 'default'
2025-11-25 20:04:09.891 [SpringApplicationShutdownHook] INFO  com.zaxxer.hikari.HikariDataSource - HikariPool-3 - Shutdown initiated...
2025-11-25 20:04:09.892 [SpringApplicationShutdownHook] INFO  com.zaxxer.hikari.HikariDataSource - HikariPool-3 - Shutdown completed.
2025-11-25 20:05:27.817 [restartedMain] INFO  com.facial.recognition.Main - Starting Main using Java 25.0.1 with PID 66918 (/Users/cc/Desktop/facial-recognition-attendance2/PC/target/classes started by cc in /Users/cc/Desktop/facial-recognition-attendance2/PC)
2025-11-25 20:05:27.818 [restartedMain] INFO  com.facial.recognition.Main - No active profile set, falling back to 1 default profile: "default"
2025-11-25 20:05:27.836 [restartedMain] INFO  o.s.b.d.e.DevToolsPropertyDefaultsPostProcessor - Devtools property defaults active! Set 'spring.devtools.add-properties' to 'false' to disable
2025-11-25 20:05:27.836 [restartedMain] INFO  o.s.b.d.e.DevToolsPropertyDefaultsPostProcessor - For additional web related logging consider setting the 'logging.level.web' property to 'DEBUG'
2025-11-25 20:05:28.086 [restartedMain] INFO  o.s.d.r.c.RepositoryConfigurationDelegate - Bootstrapping Spring Data JPA repositories in DEFAULT mode.
2025-11-25 20:05:28.115 [restartedMain] INFO  o.s.d.r.c.RepositoryConfigurationDelegate - Finished Spring Data repository scanning in 25 ms. Found 12 JPA repository interfaces.
2025-11-25 20:05:28.162 [restartedMain] WARN  o.m.s.mapper.ClassPathMapperScanner - No MyBatis mapper was found in '[com.facial.recognition]' package. Please check your configuration.
2025-11-25 20:05:28.321 [restartedMain] INFO  o.s.b.w.e.tomcat.TomcatWebServer - Tomcat initialized with port 8080 (http)
2025-11-25 20:05:28.328 [restartedMain] INFO  o.a.coyote.http11.Http11NioProtocol - Initializing ProtocolHandler ["http-nio-8080"]
2025-11-25 20:05:28.329 [restartedMain] INFO  o.a.catalina.core.StandardService - Starting service [Tomcat]
2025-11-25 20:05:28.329 [restartedMain] INFO  o.a.catalina.core.StandardEngine - Starting Servlet engine: [Apache Tomcat/10.1.48]
2025-11-25 20:05:28.344 [restartedMain] INFO  o.a.c.c.C.[Tomcat].[localhost].[/] - Initializing Spring embedded WebApplicationContext
2025-11-25 20:05:28.344 [restartedMain] INFO  o.s.b.w.s.c.ServletWebServerApplicationContext - Root WebApplicationContext: initialization completed in 508 ms
2025-11-25 20:05:28.407 [restartedMain] INFO  com.zaxxer.hikari.HikariDataSource - HikariPool-1 - Starting...
2025-11-25 20:05:28.490 [restartedMain] INFO  com.zaxxer.hikari.pool.HikariPool - HikariPool-1 - Added connection com.mysql.cj.jdbc.ConnectionImpl@6f1c91a4
2025-11-25 20:05:28.491 [restartedMain] INFO  com.zaxxer.hikari.HikariDataSource - HikariPool-1 - Start completed.
2025-11-25 20:05:28.513 [restartedMain] INFO  o.h.jpa.internal.util.LogHelper - HHH000204: Processing PersistenceUnitInfo [name: default]
2025-11-25 20:05:28.538 [restartedMain] INFO  org.hibernate.Version - HHH000412: Hibernate ORM core version 6.6.33.Final
2025-11-25 20:05:28.552 [restartedMain] INFO  o.h.c.i.RegionFactoryInitiator - HHH000026: Second-level cache disabled
2025-11-25 20:05:28.663 [restartedMain] INFO  o.s.o.j.p.SpringPersistenceUnitInfo - No LoadTimeWeaver setup: ignoring JPA class transformer
2025-11-25 20:05:28.706 [restartedMain] INFO  o.hibernate.orm.connections.pooling - HHH10001005: Database info:
	Database JDBC URL [Connecting through datasource 'HikariDataSource (HikariPool-1)']
	Database driver: undefined/unknown
	Database version: 9.0.1
	Autocommit mode: undefined/unknown
	Isolation level: undefined/unknown
	Minimum pool size: undefined/unknown
	Maximum pool size: undefined/unknown
2025-11-25 20:05:29.075 [restartedMain] INFO  o.h.e.t.j.p.i.JtaPlatformInitiator - HHH000489: No JTA platform available (set 'hibernate.transaction.jta.platform' to enable JTA platform integration)
2025-11-25 20:05:29.076 [restartedMain] INFO  o.s.o.j.LocalContainerEntityManagerFactoryBean - Initialized JPA EntityManagerFactory for persistence unit 'default'
2025-11-25 20:05:29.185 [restartedMain] INFO  o.s.d.j.r.query.QueryEnhancerFactory - Hibernate is in classpath; If applicable, HQL parser will be used.
2025-11-25 20:05:29.696 [restartedMain] WARN  o.s.b.a.o.j.JpaBaseConfiguration$JpaWebConfiguration - spring.jpa.open-in-view is enabled by default. Therefore, database queries may be performed during view rendering. Explicitly configure spring.jpa.open-in-view to disable this warning
2025-11-25 20:05:29.705 [restartedMain] INFO  o.s.b.a.w.s.WelcomePageHandlerMapping - Adding welcome page: class path resource [static/index.html]
2025-11-25 20:05:29.975 [restartedMain] INFO  o.s.b.d.a.OptionalLiveReloadServer - LiveReload server is running on port 35729
2025-11-25 20:05:29.983 [restartedMain] INFO  o.a.coyote.http11.Http11NioProtocol - Starting ProtocolHandler ["http-nio-8080"]
2025-11-25 20:05:29.990 [restartedMain] INFO  o.s.b.w.e.tomcat.TomcatWebServer - Tomcat started on port 8080 (http) with context path '/'
2025-11-25 20:05:29.994 [restartedMain] INFO  com.facial.recognition.Main - Started Main in 2.332 seconds (process running for 2.561)
2025-11-25 20:05:31.307 [http-nio-8080-exec-1] INFO  o.a.c.c.C.[Tomcat].[localhost].[/] - Initializing Spring DispatcherServlet 'dispatcherServlet'
2025-11-25 20:05:31.307 [http-nio-8080-exec-1] INFO  o.s.web.servlet.DispatcherServlet - Initializing Servlet 'dispatcherServlet'
2025-11-25 20:05:31.307 [http-nio-8080-exec-1] INFO  o.s.web.servlet.DispatcherServlet - Completed initialization in 0 ms
2025-11-25 20:05:38.604 [http-nio-8080-exec-5] WARN  o.h.e.jdbc.spi.SqlExceptionHelper - SQL Error: 1064, SQLState: 42000
2025-11-25 20:05:38.604 [http-nio-8080-exec-5] ERROR o.h.e.jdbc.spi.SqlExceptionHelper - You have an error in your SQL syntax; check the manual that corresponds to your MySQL server version for the right syntax to use near 'Function f1_0' at line 1
2025-11-25 20:05:38.618 [http-nio-8080-exec-5] WARN  o.s.w.s.m.m.a.ExceptionHandlerExceptionResolver - Resolved [org.springframework.dao.InvalidDataAccessResourceUsageException: JDBC exception executing SQL [select f1_0.FunctionID,f1_0.CreatedDate,f1_0.Description,f1_0.FunctionCode,f1_0.FunctionName,f1_0.IsActive,f1_0.Method,f1_0.ModuleName,f1_0.SortOrder,f1_0.Url from Function f1_0] [You have an error in your SQL syntax; check the manual that corresponds to your MySQL server version for the right syntax to use near 'Function f1_0' at line 1] [n/a]; SQL [n/a]]
2025-11-25 20:05:44.036 [http-nio-8080-exec-6] WARN  o.h.e.jdbc.spi.SqlExceptionHelper - SQL Error: 1064, SQLState: 42000
2025-11-25 20:05:44.037 [http-nio-8080-exec-6] ERROR o.h.e.jdbc.spi.SqlExceptionHelper - You have an error in your SQL syntax; check the manual that corresponds to your MySQL server version for the right syntax to use near 'Function f1_0' at line 1
2025-11-25 20:05:44.040 [http-nio-8080-exec-6] WARN  o.s.w.s.m.m.a.ExceptionHandlerExceptionResolver - Resolved [org.springframework.dao.InvalidDataAccessResourceUsageException: JDBC exception executing SQL [select f1_0.FunctionID,f1_0.CreatedDate,f1_0.Description,f1_0.FunctionCode,f1_0.FunctionName,f1_0.IsActive,f1_0.Method,f1_0.ModuleName,f1_0.SortOrder,f1_0.Url from Function f1_0] [You have an error in your SQL syntax; check the manual that corresponds to your MySQL server version for the right syntax to use near 'Function f1_0' at line 1] [n/a]; SQL [n/a]]
2025-11-25 20:05:44.243 [http-nio-8080-exec-7] WARN  o.h.e.jdbc.spi.SqlExceptionHelper - SQL Error: 1064, SQLState: 42000
2025-11-25 20:05:44.244 [http-nio-8080-exec-7] ERROR o.h.e.jdbc.spi.SqlExceptionHelper - You have an error in your SQL syntax; check the manual that corresponds to your MySQL server version for the right syntax to use near 'Function f1_0' at line 1
2025-11-25 20:05:44.247 [http-nio-8080-exec-7] WARN  o.s.w.s.m.m.a.ExceptionHandlerExceptionResolver - Resolved [org.springframework.dao.InvalidDataAccessResourceUsageException: JDBC exception executing SQL [select f1_0.FunctionID,f1_0.CreatedDate,f1_0.Description,f1_0.FunctionCode,f1_0.FunctionName,f1_0.IsActive,f1_0.Method,f1_0.ModuleName,f1_0.SortOrder,f1_0.Url from Function f1_0] [You have an error in your SQL syntax; check the manual that corresponds to your MySQL server version for the right syntax to use near 'Function f1_0' at line 1] [n/a]; SQL [n/a]]
2025-11-25 20:05:56.336 [http-nio-8080-exec-10] WARN  o.h.e.jdbc.spi.SqlExceptionHelper - SQL Error: 1064, SQLState: 42000
2025-11-25 20:05:56.338 [http-nio-8080-exec-10] ERROR o.h.e.jdbc.spi.SqlExceptionHelper - You have an error in your SQL syntax; check the manual that corresponds to your MySQL server version for the right syntax to use near 'Function f1_0' at line 1
2025-11-25 20:05:56.341 [http-nio-8080-exec-10] WARN  o.s.w.s.m.m.a.ExceptionHandlerExceptionResolver - Resolved [org.springframework.dao.InvalidDataAccessResourceUsageException: JDBC exception executing SQL [select f1_0.FunctionID,f1_0.CreatedDate,f1_0.Description,f1_0.FunctionCode,f1_0.FunctionName,f1_0.IsActive,f1_0.Method,f1_0.ModuleName,f1_0.SortOrder,f1_0.Url from Function f1_0] [You have an error in your SQL syntax; check the manual that corresponds to your MySQL server version for the right syntax to use near 'Function f1_0' at line 1] [n/a]; SQL [n/a]]
2025-11-25 20:06:33.504 [http-nio-8080-exec-5] WARN  o.h.e.jdbc.spi.SqlExceptionHelper - SQL Error: 1064, SQLState: 42000
2025-11-25 20:06:33.505 [http-nio-8080-exec-5] ERROR o.h.e.jdbc.spi.SqlExceptionHelper - You have an error in your SQL syntax; check the manual that corresponds to your MySQL server version for the right syntax to use near 'Function f1_0' at line 1
2025-11-25 20:06:33.507 [http-nio-8080-exec-5] WARN  o.s.w.s.m.m.a.ExceptionHandlerExceptionResolver - Resolved [org.springframework.dao.InvalidDataAccessResourceUsageException: JDBC exception executing SQL [select f1_0.FunctionID,f1_0.CreatedDate,f1_0.Description,f1_0.FunctionCode,f1_0.FunctionName,f1_0.IsActive,f1_0.Method,f1_0.ModuleName,f1_0.SortOrder,f1_0.Url from Function f1_0] [You have an error in your SQL syntax; check the manual that corresponds to your MySQL server version for the right syntax to use near 'Function f1_0' at line 1] [n/a]; SQL [n/a]]
2025-11-25 20:08:58.100 [File Watcher] INFO  o.s.b.d.a.LocalDevToolsAutoConfiguration$RestartingClassPathChangeChangedEventListener - Restarting due to 1 class path change (0 additions, 0 deletions, 1 modification)
2025-11-25 20:08:58.110 [Thread-5] INFO  o.s.b.w.e.tomcat.GracefulShutdown - Commencing graceful shutdown. Waiting for active requests to complete
2025-11-25 20:08:58.111 [tomcat-shutdown] INFO  o.a.coyote.http11.Http11NioProtocol - Pausing ProtocolHandler ["http-nio-8080"]
2025-11-25 20:08:58.116 [tomcat-shutdown] INFO  o.s.b.w.e.tomcat.GracefulShutdown - Graceful shutdown complete
2025-11-25 20:08:58.117 [Thread-5] INFO  o.a.coyote.http11.Http11NioProtocol - Stopping ProtocolHandler ["http-nio-8080"]
2025-11-25 20:08:58.121 [Thread-5] INFO  o.s.o.j.LocalContainerEntityManagerFactoryBean - Closing JPA EntityManagerFactory for persistence unit 'default'
2025-11-25 20:08:58.128 [Thread-5] INFO  com.zaxxer.hikari.HikariDataSource - HikariPool-1 - Shutdown initiated...
2025-11-25 20:08:58.135 [Thread-5] INFO  com.zaxxer.hikari.HikariDataSource - HikariPool-1 - Shutdown completed.
2025-11-25 20:08:58.234 [restartedMain] INFO  com.facial.recognition.Main - Starting Main using Java 25.0.1 with PID 66918 (/Users/cc/Desktop/facial-recognition-attendance2/PC/target/classes started by cc in /Users/cc/Desktop/facial-recognition-attendance2/PC)
2025-11-25 20:08:58.234 [restartedMain] INFO  com.facial.recognition.Main - No active profile set, falling back to 1 default profile: "default"
2025-11-25 20:08:58.335 [restartedMain] INFO  o.s.d.r.c.RepositoryConfigurationDelegate - Bootstrapping Spring Data JPA repositories in DEFAULT mode.
2025-11-25 20:08:58.347 [restartedMain] INFO  o.s.d.r.c.RepositoryConfigurationDelegate - Finished Spring Data repository scanning in 11 ms. Found 12 JPA repository interfaces.
2025-11-25 20:08:58.364 [restartedMain] WARN  o.m.s.mapper.ClassPathMapperScanner - No MyBatis mapper was found in '[com.facial.recognition]' package. Please check your configuration.
2025-11-25 20:08:58.400 [restartedMain] INFO  o.s.b.w.e.tomcat.TomcatWebServer - Tomcat initialized with port 8080 (http)
2025-11-25 20:08:58.401 [restartedMain] INFO  o.a.coyote.http11.Http11NioProtocol - Initializing ProtocolHandler ["http-nio-8080"]
2025-11-25 20:08:58.401 [restartedMain] INFO  o.a.catalina.core.StandardService - Starting service [Tomcat]
2025-11-25 20:08:58.401 [restartedMain] INFO  o.a.catalina.core.StandardEngine - Starting Servlet engine: [Apache Tomcat/10.1.48]
2025-11-25 20:08:58.407 [restartedMain] INFO  o.a.c.c.C.[Tomcat].[localhost].[/] - Initializing Spring embedded WebApplicationContext
2025-11-25 20:08:58.408 [restartedMain] INFO  o.s.b.w.s.c.ServletWebServerApplicationContext - Root WebApplicationContext: initialization completed in 173 ms
2025-11-25 20:08:58.438 [restartedMain] INFO  com.zaxxer.hikari.HikariDataSource - HikariPool-2 - Starting...
2025-11-25 20:08:58.444 [restartedMain] INFO  com.zaxxer.hikari.pool.HikariPool - HikariPool-2 - Added connection com.mysql.cj.jdbc.ConnectionImpl@d0e19ea
2025-11-25 20:08:58.444 [restartedMain] INFO  com.zaxxer.hikari.HikariDataSource - HikariPool-2 - Start completed.
2025-11-25 20:08:58.444 [restartedMain] INFO  o.h.jpa.internal.util.LogHelper - HHH000204: Processing PersistenceUnitInfo [name: default]
2025-11-25 20:08:58.445 [restartedMain] INFO  o.h.c.i.RegionFactoryInitiator - HHH000026: Second-level cache disabled
2025-11-25 20:08:58.451 [restartedMain] INFO  o.s.o.j.p.SpringPersistenceUnitInfo - No LoadTimeWeaver setup: ignoring JPA class transformer
2025-11-25 20:08:58.453 [restartedMain] INFO  o.hibernate.orm.connections.pooling - HHH10001005: Database info:
	Database JDBC URL [Connecting through datasource 'HikariDataSource (HikariPool-2)']
	Database driver: undefined/unknown
	Database version: 9.0.1
	Autocommit mode: undefined/unknown
	Isolation level: undefined/unknown
	Minimum pool size: undefined/unknown
	Maximum pool size: undefined/unknown
2025-11-25 20:08:58.530 [restartedMain] INFO  o.h.e.t.j.p.i.JtaPlatformInitiator - HHH000489: No JTA platform available (set 'hibernate.transaction.jta.platform' to enable JTA platform integration)
2025-11-25 20:08:58.531 [restartedMain] INFO  o.s.o.j.LocalContainerEntityManagerFactoryBean - Initialized JPA EntityManagerFactory for persistence unit 'default'
2025-11-25 20:08:58.695 [restartedMain] WARN  o.s.b.a.o.j.JpaBaseConfiguration$JpaWebConfiguration - spring.jpa.open-in-view is enabled by default. Therefore, database queries may be performed during view rendering. Explicitly configure spring.jpa.open-in-view to disable this warning
2025-11-25 20:08:58.700 [restartedMain] INFO  o.s.b.a.w.s.WelcomePageHandlerMapping - Adding welcome page: class path resource [static/index.html]
2025-11-25 20:08:58.784 [restartedMain] INFO  o.s.b.d.a.OptionalLiveReloadServer - LiveReload server is running on port 35729
2025-11-25 20:08:58.793 [restartedMain] INFO  o.a.coyote.http11.Http11NioProtocol - Starting ProtocolHandler ["http-nio-8080"]
2025-11-25 20:08:58.794 [restartedMain] INFO  o.s.b.w.e.tomcat.TomcatWebServer - Tomcat started on port 8080 (http) with context path '/'
2025-11-25 20:08:58.796 [restartedMain] INFO  com.facial.recognition.Main - Started Main in 0.597 seconds (process running for 211.361)
2025-11-25 20:08:58.797 [restartedMain] INFO  o.s.b.d.a.ConditionEvaluationDeltaLoggingListener - Condition evaluation unchanged
2025-11-25 20:11:00.480 [http-nio-8080-exec-1] INFO  o.a.c.c.C.[Tomcat].[localhost].[/] - Initializing Spring DispatcherServlet 'dispatcherServlet'
2025-11-25 20:11:00.481 [http-nio-8080-exec-1] INFO  o.s.web.servlet.DispatcherServlet - Initializing Servlet 'dispatcherServlet'
2025-11-25 20:11:00.488 [http-nio-8080-exec-1] INFO  o.s.web.servlet.DispatcherServlet - Completed initialization in 7 ms
2025-11-25 20:14:17.117 [SpringApplicationShutdownHook] INFO  o.s.b.w.e.tomcat.GracefulShutdown - Commencing graceful shutdown. Waiting for active requests to complete
2025-11-25 20:14:17.120 [tomcat-shutdown] INFO  o.s.b.w.e.tomcat.GracefulShutdown - Graceful shutdown complete
2025-11-25 20:14:17.123 [SpringApplicationShutdownHook] INFO  o.s.o.j.LocalContainerEntityManagerFactoryBean - Closing JPA EntityManagerFactory for persistence unit 'default'
2025-11-25 20:14:17.124 [SpringApplicationShutdownHook] INFO  com.zaxxer.hikari.HikariDataSource - HikariPool-2 - Shutdown initiated...
2025-11-25 20:14:17.125 [SpringApplicationShutdownHook] INFO  com.zaxxer.hikari.HikariDataSource - HikariPool-2 - Shutdown completed.
2025-11-25 20:28:19.823 [restartedMain] INFO  com.facial.recognition.Main - Starting Main using Java 25.0.1 with PID 69308 (/Users/cc/Desktop/facial-recognition-attendance2/PC/target/classes started by cc in /Users/cc/Desktop/facial-recognition-attendance2/PC)
2025-11-25 20:28:19.824 [restartedMain] INFO  com.facial.recognition.Main - No active profile set, falling back to 1 default profile: "default"
2025-11-25 20:28:19.842 [restartedMain] INFO  o.s.b.d.e.DevToolsPropertyDefaultsPostProcessor - Devtools property defaults active! Set 'spring.devtools.add-properties' to 'false' to disable
2025-11-25 20:28:19.842 [restartedMain] INFO  o.s.b.d.e.DevToolsPropertyDefaultsPostProcessor - For additional web related logging consider setting the 'logging.level.web' property to 'DEBUG'
2025-11-25 20:28:20.083 [restartedMain] INFO  o.s.d.r.c.RepositoryConfigurationDelegate - Bootstrapping Spring Data JPA repositories in DEFAULT mode.
2025-11-25 20:28:20.113 [restartedMain] INFO  o.s.d.r.c.RepositoryConfigurationDelegate - Finished Spring Data repository scanning in 26 ms. Found 12 JPA repository interfaces.
2025-11-25 20:28:20.155 [restartedMain] WARN  o.m.s.mapper.ClassPathMapperScanner - No MyBatis mapper was found in '[com.facial.recognition]' package. Please check your configuration.
2025-11-25 20:28:20.304 [restartedMain] INFO  o.s.b.w.e.tomcat.TomcatWebServer - Tomcat initialized with port 8080 (http)
2025-11-25 20:28:20.310 [restartedMain] INFO  o.a.coyote.http11.Http11NioProtocol - Initializing ProtocolHandler ["http-nio-8080"]
2025-11-25 20:28:20.311 [restartedMain] INFO  o.a.catalina.core.StandardService - Starting service [Tomcat]
2025-11-25 20:28:20.312 [restartedMain] INFO  o.a.catalina.core.StandardEngine - Starting Servlet engine: [Apache Tomcat/10.1.48]
2025-11-25 20:28:20.326 [restartedMain] INFO  o.a.c.c.C.[Tomcat].[localhost].[/] - Initializing Spring embedded WebApplicationContext
2025-11-25 20:28:20.326 [restartedMain] INFO  o.s.b.w.s.c.ServletWebServerApplicationContext - Root WebApplicationContext: initialization completed in 484 ms
2025-11-25 20:28:20.384 [restartedMain] INFO  com.zaxxer.hikari.HikariDataSource - HikariPool-1 - Starting...
2025-11-25 20:28:20.486 [restartedMain] INFO  com.zaxxer.hikari.pool.HikariPool - HikariPool-1 - Added connection com.mysql.cj.jdbc.ConnectionImpl@6134bd70
2025-11-25 20:28:20.487 [restartedMain] INFO  com.zaxxer.hikari.HikariDataSource - HikariPool-1 - Start completed.
2025-11-25 20:28:20.510 [restartedMain] INFO  o.h.jpa.internal.util.LogHelper - HHH000204: Processing PersistenceUnitInfo [name: default]
2025-11-25 20:28:20.538 [restartedMain] INFO  org.hibernate.Version - HHH000412: Hibernate ORM core version 6.6.33.Final
2025-11-25 20:28:20.552 [restartedMain] INFO  o.h.c.i.RegionFactoryInitiator - HHH000026: Second-level cache disabled
2025-11-25 20:28:20.659 [restartedMain] INFO  o.s.o.j.p.SpringPersistenceUnitInfo - No LoadTimeWeaver setup: ignoring JPA class transformer
2025-11-25 20:28:20.714 [restartedMain] INFO  o.hibernate.orm.connections.pooling - HHH10001005: Database info:
	Database JDBC URL [Connecting through datasource 'HikariDataSource (HikariPool-1)']
	Database driver: undefined/unknown
	Database version: 9.0.1
	Autocommit mode: undefined/unknown
	Isolation level: undefined/unknown
	Minimum pool size: undefined/unknown
	Maximum pool size: undefined/unknown
2025-11-25 20:28:21.074 [restartedMain] INFO  o.h.e.t.j.p.i.JtaPlatformInitiator - HHH000489: No JTA platform available (set 'hibernate.transaction.jta.platform' to enable JTA platform integration)
2025-11-25 20:28:21.075 [restartedMain] INFO  o.s.o.j.LocalContainerEntityManagerFactoryBean - Initialized JPA EntityManagerFactory for persistence unit 'default'
2025-11-25 20:28:21.182 [restartedMain] INFO  o.s.d.j.r.query.QueryEnhancerFactory - Hibernate is in classpath; If applicable, HQL parser will be used.
2025-11-25 20:28:21.688 [restartedMain] WARN  o.s.b.a.o.j.JpaBaseConfiguration$JpaWebConfiguration - spring.jpa.open-in-view is enabled by default. Therefore, database queries may be performed during view rendering. Explicitly configure spring.jpa.open-in-view to disable this warning
2025-11-25 20:28:21.698 [restartedMain] INFO  o.s.b.a.w.s.WelcomePageHandlerMapping - Adding welcome page: class path resource [static/index.html]
2025-11-25 20:28:21.966 [restartedMain] INFO  o.s.b.d.a.OptionalLiveReloadServer - LiveReload server is running on port 35729
2025-11-25 20:28:21.974 [restartedMain] INFO  o.a.coyote.http11.Http11NioProtocol - Starting ProtocolHandler ["http-nio-8080"]
2025-11-25 20:28:21.982 [restartedMain] INFO  o.s.b.w.e.tomcat.TomcatWebServer - Tomcat started on port 8080 (http) with context path '/'
2025-11-25 20:28:21.987 [restartedMain] INFO  com.facial.recognition.Main - Started Main in 2.317 seconds (process running for 2.539)
2025-11-25 20:28:24.197 [http-nio-8080-exec-1] INFO  o.a.c.c.C.[Tomcat].[localhost].[/] - Initializing Spring DispatcherServlet 'dispatcherServlet'
2025-11-25 20:28:24.197 [http-nio-8080-exec-1] INFO  o.s.web.servlet.DispatcherServlet - Initializing Servlet 'dispatcherServlet'
2025-11-25 20:28:24.198 [http-nio-8080-exec-1] INFO  o.s.web.servlet.DispatcherServlet - Completed initialization in 1 ms
